31620: 10:49:07.704 - ---
31620: 10:49:07.704 - Service: "Photon Socket Server" starting
31620: 10:49:07.705 - Config File: C:\Users\chris\Documents\GitHub\MagicArts\Photon-OnPremise-Server-SDK_v4-0-29-11263\deploy\bin_Win64\PhotonServer.config
31620: 10:49:07.711 - Will produce at most: 10 crash dumps
31620: 10:49:07.712 - Action: run as exe
31620: 10:49:07.714 - Server Starting...
31620: 10:49:07.714 -    Tick count: 1370499078 (wraps in: 33.848 days)
31620: 10:49:07.714 - Tick count 64: 1370499078
31620: 10:49:07.715 - Photon Version: 4.0.28.2962
31620: 10:49:07.715 - PID: 34344
31620: 10:49:07.715 - Config File: C:\Users\chris\Documents\GitHub\MagicArts\Photon-OnPremise-Server-SDK_v4-0-29-11263\deploy\bin_Win64\PhotonServer.config
31620: 10:49:07.716 - Will NOT log unimportant exceptions
31620: 10:49:07.724 - Not using performance counters as they are not currently installed. Run the service with /InstallCounters to install them.
31620: 10:49:07.725 - Shutdown timeout enabled: 30000ms
31620: 10:49:07.726 - Starting I/O thread pool with 2 threads
31620: 10:49:07.727 - Using Standard allocator
31620: 10:49:07.727 - Max message size: 512000
31620: 10:49:07.728 - Starting business logic thread pool with the following settings
31620: 10:49:07.728 - InitialThreads: 4 threads
31620: 10:49:07.728 - MinThreads: 4 threads
31620: 10:49:07.728 - Thread pool is fixed size
31620: 10:49:07.729 - Starting ENet thread pool with the following settings
31620: 10:49:07.729 - InitialThreads: 2 threads
31620: 10:49:07.729 - MinThreads: 2 threads
31620: 10:49:07.729 - Thread pool is fixed size
31620: 10:49:07.729 - OnlyDispatchTimers: False
31620: 10:49:07.730 - S2S: flow control: Max pending writes: 50
31620: 10:49:07.730 - S2S: flow control: Max queued buffers: 200
31620: 10:49:07.730 - S2S: flow control: Max pending writes MUX: 500
31620: 10:49:07.730 - S2S: flow control: Max queued buffers MUX: 2000
31620: 10:49:07.730 - S2S: MaxInboundMessageSize: 512000
31620: 10:49:07.730 - S2S: MaxOutboundMessageSize: 512000
31620: 10:49:07.730 - S2S: No inactivity timeout
31620: 10:49:07.740 - WebSocket S2S: MaxInboundMessageSize: 512000
31620: 10:49:07.740 - WebSocket S2S: MaxOutboundMessageSize: 512000
31620: 10:49:07.740 - WebSocket S2S: No inactivity timeout
31620: 10:49:07.741 - Max Reliable Data In Transit (awaiting ACKs) per peer : 51200 bytes
31620: 10:49:07.741 - Per peer bandwidth limit
31620: 10:49:07.741 - Transmit Rate Limit: 256 KB/Sec
31620: 10:49:07.741 - Limit period: 200ms
31620: 10:49:07.741 - Limit per period: 52428 bytes
31620: 10:49:07.741 - Max queued data for transmission per peer: 512000 bytes
31620: 10:49:07.741 - Minimum retransmit timeout: 200
31620: 10:49:07.741 - No Maximum retransmit timeout
31620: 10:49:07.741 - Minimum ENet timeout: 5000ms
31620: 10:49:07.741 - Maximum ENet timeout: 30000ms
31620: 10:49:07.741 - Max Inbound Reliable Data Queued (awaiting resends of earlier sequence numbers) per peer : 163840 bytes
31620: 10:49:07.741 - No RTT ACK adjustment timeout
31620: 10:49:07.741 - Outbound ENet: MaxInboundMessageSize: 512000
31620: 10:49:07.741 - Outbound ENet: MaxOutboundMessageSize: 512000
31620: 10:49:07.753 - GetRuntime - About to load CLR - versions available:
31620: 10:49:07.753 - v2.0.50727
31620: 10:49:07.753 - v4.0.30319
31620: 10:49:07.753 - Configuration requests: "v2.0.50727"
31620: 10:49:07.753 - About to load version: "v2.0.50727"
31620: 10:49:07.788 - About to load runtime: PhotonHostRuntime.PhotonDomainManager from PhotonHostRuntime, Culture=neutral, PublicKeyToken=02C301B61B060C4D
31620: 10:49:07.788 - CLRBaseDirectory set to "C:\Users\chris\Documents\GitHub\MagicArts\Photon-OnPremise-Server-SDK_v4-0-29-11263\deploy"
31620: 10:49:07.788 - Optimising event broadcast for 20 or more peers
31620: 10:49:07.792 - Start: About to load CLR - versions available:
31620: 10:49:07.792 - v2.0.50727
31620: 10:49:07.792 - v4.0.30319
31620: 10:49:07.792 - No preference in configuration file, will load latest.
31620: 10:49:07.792 - About to load version: "v4.0.30319"
31620: 10:49:07.795 - Loaded version: "v4.0.30319"
31620: 10:49:08.205 - Photon host runtime loaded
31620: 10:49:11.344 - LICENSE: No license file was found. Starting with Bootstrap License.
31620: 10:49:11.345 - License is valid.
31620: 10:49:11.345 - Licensed for 20 concurrent connections.
31620: 10:49:11.345 - ENet: Max Reliable Data In Transit (awaiting ACKs) per peer : 51200 bytes
31620: 10:49:11.345 - ENet: Per peer bandwidth limit
31620: 10:49:11.345 - ENet: Transmit Rate Limit: 256 KB/Sec
31620: 10:49:11.345 - ENet: Limit period: 200ms
31620: 10:49:11.345 - ENet: Limit per period: 52428 bytes
31620: 10:49:11.345 - ENet: Max queued data for transmission per peer: 512000 bytes
31620: 10:49:11.345 - ENet: Minimum retransmit timeout: 200
31620: 10:49:11.345 - No Maximum retransmit timeout
31620: 10:49:11.345 - ENet: Minimum timeout: 5000ms
31620: 10:49:11.345 - ENet: Maximum timeout: 30000ms
31620: 10:49:11.345 - ENet: Max Inbound Reliable Data Queued (awaiting resends of earlier sequence numbers) per peer : 163840 bytes
31620: 10:49:11.345 - No RTT ACK adjustment timeout
31620: 10:49:11.345 - About to load application: Master from Photon.LoadBalancing
31620: 10:49:11.345 - Auto restart is enabled for application, existing connections will be terminated during restart
31620: 10:49:11.345 - Application will restart 1000ms after the last change detected
31620: 10:49:11.345 - Application will restart if files matching the following are changed: "dll;config"
31620: 10:49:11.346 - Application will NOT restart if files matching the following are changed: "log4net.config"
31620: 10:49:12.184 - Taking reference on default app domain
31620: 10:49:13.469 - Application: "Master" started in app domain: 2
31620: 10:49:13.469 - About to load application: Game from Photon.LoadBalancing
31620: 10:49:13.469 - Auto restart is enabled for application, existing connections will be terminated during restart
31620: 10:49:13.469 - Application will restart 1000ms after the last change detected
31620: 10:49:13.469 - Application will restart if files matching the following are changed: "dll;config"
31620: 10:49:13.469 - Application will NOT restart if files matching the following are changed: "log4net.config"
31620: 10:49:14.221 - Taking reference on default app domain
31620: 10:49:16.132 - Application: "Game" started in app domain: 3
31620: 10:49:16.132 - About to load application: CounterPublisher from CounterPublisher
31620: 10:49:16.132 - Auto restart is enabled for application, existing connections will be terminated during restart
31620: 10:49:16.132 - Application will restart 1000ms after the last change detected
31620: 10:49:16.132 - Application will restart if files matching the following are changed: "dll;config"
31620: 10:49:16.132 - Application will NOT restart if files matching the following are changed: "log4net.config"
31620: 10:49:16.914 - Taking reference on default app domain
31620: 10:49:18.085 - Application: "CounterPublisher" started in app domain: 4
31620: 10:49:18.086 - Adding TCP listener on: 0.0.0.0: 4530 with a listen backlog of: 150
31620: 10:49:18.086 - TCP inactivity timeout: 10000ms
31620: 10:49:18.086 - TCP disconnect timeout: 120000ms
31620: 10:49:18.086 - MaxInboundMessageSize: 512000
31620: 10:49:18.086 - MaxOutboundMessageSize: 512000
31620: 10:49:18.086 - Forcing all applications ids to: "Master"
31620: 10:49:18.098 - Serving policy file requests from: "C:\Users\chris\Documents\GitHub\MagicArts\Photon-OnPremise-Server-SDK_v4-0-29-11263\deploy\Policy\assets\socket-policy.xml"
31620: 10:49:18.098 - Adding TCP listener on: 0.0.0.0: 4531 with a listen backlog of: 150
31620: 10:49:18.098 - TCP inactivity timeout: 10000ms
31620: 10:49:18.098 - TCP disconnect timeout: 120000ms
31620: 10:49:18.098 - MaxInboundMessageSize: 512000
31620: 10:49:18.098 - MaxOutboundMessageSize: 512000
31620: 10:49:18.098 - Forcing all applications ids to: "Game"
31620: 10:49:18.098 - Serving policy file requests from: "C:\Users\chris\Documents\GitHub\MagicArts\Photon-OnPremise-Server-SDK_v4-0-29-11263\deploy\Policy\assets\socket-policy.xml"
31620: 10:49:18.098 - Adding TCP listener on: 0.0.0.0: 4520 with a listen backlog of: 150
31620: 10:49:18.098 - TCP inactivity timeout: 5000ms
31620: 10:49:18.098 - TCP disconnect timeout: 120000ms
31620: 10:49:18.098 - MaxInboundMessageSize: 512000
31620: 10:49:18.098 - MaxOutboundMessageSize: 512000
31620: 10:49:18.099 - Forcing all applications ids to: "Master"
31620: 10:49:18.099 - MaxInboundMessageSize: 512000
31620: 10:49:18.099 - MaxOutboundMessageSize: 512000
31620: 10:49:18.099 - UDP address specified as: "0.0.0.0" adding listener to each available IPv4 address
31620: 10:49:18.100 - Adding UDP listener on: 192.168.0.4: 5055 with a listen backlog of: 500
31620: 10:49:18.100 - Adding UDP listener on: 127.0.0.1: 5055 with a listen backlog of: 500
31620: 10:49:18.100 - Forcing all applications ids to: "Game"
31620: 10:49:18.100 - MaxInboundMessageSize: 512000
31620: 10:49:18.100 - MaxOutboundMessageSize: 512000
31620: 10:49:18.100 - UDP address specified as: "0.0.0.0" adding listener to each available IPv4 address
31620: 10:49:18.101 - Adding UDP listener on: 192.168.0.4: 5056 with a listen backlog of: 500
31620: 10:49:18.101 - Adding UDP listener on: 127.0.0.1: 5056 with a listen backlog of: 500
31620: 10:49:18.101 - Adding WebSocket TCP listener on: 0.0.0.0: 9090 with a listen backlog of: 150
31620: 10:49:18.101 - Nagle disabled
31620: 10:49:18.101 - TCP inactivity timeout: 10000ms
31620: 10:49:18.101 - MaxInboundMessageSize: 512000
31620: 10:49:18.101 - MaxOutboundMessageSize: 512000
31620: 10:49:18.101 - Forcing all applications ids to: "Master"
31620: 10:49:18.101 - Will accept ANY sub-protocols from the client
31620: 10:49:18.101 - No automatic WebSocket ping
31620: 10:49:18.101 - Adding WebSocket TCP listener on: 0.0.0.0: 9091 with a listen backlog of: 150
31620: 10:49:18.101 - Nagle disabled
31620: 10:49:18.101 - TCP inactivity timeout: 10000ms
31620: 10:49:18.101 - MaxInboundMessageSize: 512000
31620: 10:49:18.101 - MaxOutboundMessageSize: 512000
31620: 10:49:18.101 - Forcing all applications ids to: "Game"
31620: 10:49:18.101 - Will accept ANY sub-protocols from the client
31620: 10:49:18.101 - No automatic WebSocket ping
31620: 10:49:18.102 - Adding Policy File listener on: 0.0.0.0: 843 with a listen backlog of: 150 and serving Policy File: "C:\Users\chris\Documents\GitHub\MagicArts\Photon-OnPremise-Server-SDK_v4-0-29-11263\deploy\Policy\assets\socket-policy.xml"
31620: 10:49:18.102 - TCP inactivity timeout: 1000ms
31620: 10:49:18.120 - Adding Policy File listener on: 0.0.0.0: 943 with a listen backlog of: 150 and serving Policy File: "C:\Users\chris\Documents\GitHub\MagicArts\Photon-OnPremise-Server-SDK_v4-0-29-11263\deploy\Policy\assets\socket-policy-silverlight.xml"
31620: 10:49:18.120 - TCP inactivity timeout: 1000ms
31620: 10:49:18.199 - Service is running...
